<?xml version="1.0" encoding="UTF-8"?>
<!-- Generated by org.testng.reporters.JUnitReportReporter -->
<testsuite skipped="0" hostname="AF-727WG72" name="ClosestToZeroTest" tests="1" failures="0" timestamp="07 sep 2017 14:03:30 GMT" time="0.000" errors="0">
  <testcase name="closestToZero1" time="0.000" classname="ClosestToZeroTest"/>
</testsuite> <!-- ClosestToZeroTest -->
