<?xml version="1.0" encoding="UTF-8"?>
<!-- Generated by org.testng.reporters.JUnitReportReporter -->
<testsuite skipped="0" hostname="AF-727WG72" name="CalculatorTest" tests="3" failures="0" timestamp="06 sep 2017 11:46:25 GMT" time="0.016" errors="0">
  <testcase name="multiplyTest" time="0.000" classname="CalculatorTest"/>
  <testcase name="differenceTest" time="0.016" classname="CalculatorTest"/>
  <testcase name="squareTest" time="0.000" classname="CalculatorTest"/>
</testsuite> <!-- CalculatorTest -->
